[debug] [2020-12-01T16:03:35.933Z] ----------------------------------------------------------------------
[debug] [2020-12-01T16:03:35.934Z] Command:       D:\Program Files\nodejs\node.exe C:\Users\patom\AppData\Roaming\npm\node_modules\firebase-tools\lib\bin\firebase.js init
[debug] [2020-12-01T16:03:35.935Z] CLI Version:   8.12.1
[debug] [2020-12-01T16:03:35.935Z] Platform:      win32
[debug] [2020-12-01T16:03:35.935Z] Node Version:  v12.16.2
[debug] [2020-12-01T16:03:35.936Z] Time:          Tue Dec 01 2020 17:03:35 GMT+0100 (GMT+01:00)
[debug] [2020-12-01T16:03:35.936Z] ----------------------------------------------------------------------
[debug] [2020-12-01T16:03:35.936Z] 
[debug] [2020-12-01T16:03:35.942Z] > command requires scopes: ["email","openid","https://www.googleapis.com/auth/cloudplatformprojects.readonly","https://www.googleapis.com/auth/firebase","https://www.googleapis.com/auth/cloud-platform"]
[debug] [2020-12-01T16:03:35.942Z] > authorizing via signed-in user
[info] 
     ######## #### ########  ######## ########     ###     ######  ########
     ##        ##  ##     ## ##       ##     ##  ##   ##  ##       ##
     ######    ##  ########  ######   ########  #########  ######  ######
     ##        ##  ##    ##  ##       ##     ## ##     ##       ## ##
     ##       #### ##     ## ######## ########  ##     ##  ######  ########

You're about to initialize a Firebase project in this directory:

  D:\Usuarios\pmariano\Pato\Proyectos\Proyectos-web\pmariano-web\web-completa

[info] 
=== Project Setup
[info] 
[info] First, let's associate this project directory with a Firebase project.
[info] You can create multiple project aliases by running firebase use --add, 
[info] but for now we'll just set up a default project.
[info] 
[debug] [2020-12-01T16:04:49.560Z] ----------------------------------------------------------------------
[debug] [2020-12-01T16:04:49.561Z] Command:       D:\Program Files\nodejs\node.exe C:\Users\patom\AppData\Roaming\npm\node_modules\firebase-tools\lib\bin\firebase.js init
[debug] [2020-12-01T16:04:49.562Z] CLI Version:   8.12.1
[debug] [2020-12-01T16:04:49.562Z] Platform:      win32
[debug] [2020-12-01T16:04:49.562Z] Node Version:  v12.16.2
[debug] [2020-12-01T16:04:49.563Z] Time:          Tue Dec 01 2020 17:04:49 GMT+0100 (GMT+01:00)
[debug] [2020-12-01T16:04:49.563Z] ----------------------------------------------------------------------
[debug] [2020-12-01T16:04:49.563Z] 
[debug] [2020-12-01T16:04:49.569Z] > command requires scopes: ["email","openid","https://www.googleapis.com/auth/cloudplatformprojects.readonly","https://www.googleapis.com/auth/firebase","https://www.googleapis.com/auth/cloud-platform"]
[debug] [2020-12-01T16:04:49.569Z] > authorizing via signed-in user
[info] 
     ######## #### ########  ######## ########     ###     ######  ########
     ##        ##  ##     ## ##       ##     ##  ##   ##  ##       ##
     ######    ##  ########  ######   ########  #########  ######  ######
     ##        ##  ##    ##  ##       ##     ## ##     ##       ## ##
     ##       #### ##     ## ######## ########  ##     ##  ######  ########

You're about to initialize a Firebase project in this directory:

  D:\Usuarios\pmariano\Pato\Proyectos\Proyectos-web\pmariano-web\web-completa

[info] 
=== Project Setup
[info] 
[info] First, let's associate this project directory with a Firebase project.
[info] You can create multiple project aliases by running firebase use --add, 
[info] but for now we'll just set up a default project.
[info] 
